<?xml version="1.0" encoding="UTF-8"?>
<!-- Generated by org.testng.reporters.JUnitXMLReporter -->
<testsuite ignored="1" hostname="DESKTOP-SO27JPU" failures="0" tests="3" name="Open Cart Firefox Test" time="8.362" errors="0" timestamp="2024-11-07T17:31:01 IST">
  <testcase classname="com.opencart.tests.CartRegistrationTestPage" name="verifregister" time="0.0">
    <skipped/>
  </testcase> <!-- verifregister -->
  <testcase classname="com.opencart.tests.PimTestPage" name="PimEployyee" time="0.0">
    <skipped/>
  </testcase> <!-- PimEployyee -->
  <testcase classname="com.opencart.tests.CartRegistrationTestPage" name="validUser" time="0.0">
    <skipped/>
  </testcase> <!-- validUser -->
  <testcase classname="com.opencart.tests.BaseAutomationTest" name="@BeforeSuite initTestData" time="0.0">
    <ignored/>
  </testcase> <!-- @BeforeSuite initTestData -->
</testsuite> <!-- Open Cart Firefox Test -->
