<?xml version="1.0" encoding="UTF-8"?>
<!-- Generated by org.testng.reporters.JUnitXMLReporter -->
<testsuite ignored="1" hostname="DESKTOP-SO27JPU" failures="0" tests="3" name="Open Craft2" time="98.889" errors="0" timestamp="2024-11-07T16:37:22 IST">
  <testcase classname="com.opencart.tests.CartRegistrationTestPage" name="verifregister" time="30.2"/>
  <testcase classname="com.opencart.tests.CartRegistrationTestPage" name="validUser" time="5.56"/>
  <testcase classname="com.opencart.tests.PimTestPage" name="PimEployyee" time="34.62"/>
  <testcase classname="com.opencart.tests.BaseAutomationTest" name="@BeforeSuite initTestData" time="0.0">
    <ignored/>
  </testcase> <!-- @BeforeSuite initTestData -->
</testsuite> <!-- Open Craft2 -->
